<?xml version="1.0" encoding="UTF-8"?>
<testng-results skipped="0" failed="0" ignored="0" total="1" passed="1">
  <reporter-output>
  </reporter-output>
  <suite name="Default suite" duration-ms="13093" started-at="2022-04-01T18:39:52 IST" finished-at="2022-04-01T18:40:05 IST">
    <groups>
    </groups>
    <test name="Default test" duration-ms="13093" started-at="2022-04-01T18:39:52 IST" finished-at="2022-04-01T18:40:05 IST">
      <class name="academy.HomePage">
        <test-method status="PASS" signature="basepageNavigation()[pri:0, instance:academy.HomePage@4a87761d]" name="basepageNavigation" duration-ms="13046" started-at="2022-04-01T18:39:52 IST" finished-at="2022-04-01T18:40:05 IST">
          <reporter-output>
          </reporter-output>
        </test-method> <!-- basepageNavigation -->
      </class> <!-- academy.HomePage -->
    </test> <!-- Default test -->
  </suite> <!-- Default suite -->
</testng-results>
